[debug] > Exec(early(addDefaultCommands), None, None)
[debug] > Exec(addDefaultCommands, None, None)
[debug] > Exec(early(initialize), None, None)
[debug] > Exec(initialize, None, None)
[debug] > Exec(boot, None, None)
[debug] > Exec(writeSbtVersion, None, None)
[debug] > Exec(reload, None, None)
[debug] > Exec(sbtStashOnFailure, None, None)
[debug] > Exec(onFailure loadFailed, None, None)
[debug] > Exec(loadp, None, None)
[info] welcome to sbt 1.4.2 (Oracle Corporation Java 14.0.2)
[debug]       Load.loadUnit: plugins took 106.9691ms
[debug]       Load.loadUnit: defsScala took 0.2133ms
[debug] [Loading] Scanning directory C:\Users\user\.sbt\1.0\plugins
[debug] [Loading] Found non-root projects 
[debug] [Loading] Done in C:\Users\user\.sbt\1.0\plugins, returning: ()
[debug] deducing auto plugins based on known facts Set(Atom(sbt.plugins.CorePlugin)) and clauses Clauses(List(Clause(Atom(sbt.plugins.JvmPlugin),Set(Atom(sbt.plugins.IvyPlugin))), Clause(Atom(sbt.ScriptedPlugin),Set(Atom(sbt.plugins.JvmPlugin))), Clause(Atom(sbt.plugins.SbtPlugin),Set(Atom(sbt.ScriptedPlugin))), Clause(Atom(sbt.plugins.SemanticdbPlugin),Set(Atom(sbt.plugins.JvmPlugin))), Clause(Atom(sbt.plugins.JUnitXmlReportPlugin),Set(Atom(sbt.plugins.JvmPlugin))), Clause(Atom(sbt.plugins.MiniDependencyTreePlugin),Set(Atom(sbt.plugins.JvmPlugin))), Clause(Atom(sbt.plugins.CorePlugin),Set(Atom(sbt.plugins.IvyPlugin))), Clause(Atom(sbt.plugins.IvyPlugin),Set(Atom(sbt.plugins.JvmPlugin))), Clause(Atom(sbt.plugins.JvmPlugin),Set(Atom(sbt.plugins.SemanticdbPlugin))), Clause(Atom(sbt.plugins.JvmPlugin),Set(Atom(sbt.plugins.JUnitXmlReportPlugin))), Clause(Atom(sbt.plugins.CorePlugin),Set(Atom(sbt.plugins.Giter8TemplatePlugin))), Clause(Atom(sbt.plugins.JvmPlugin),Set(Atom(sbt.plugins.MiniDependencyTreePlugin)))))
[debug]   :: deduced result: Matched(sbt.plugins.CorePlugin,sbt.plugins.Giter8TemplatePlugin,sbt.plugins.IvyPlugin,sbt.plugins.JvmPlugin,sbt.plugins.MiniDependencyTreePlugin,sbt.plugins.JUnitXmlReportPlugin,sbt.plugins.SemanticdbPlugin)
[debug] Plugins.deducer#function took 15.608 ms
[debug]           Load.resolveProject(global-plugins) took 34.0208ms
[debug]         Load.loadTransitive: finalizeProject(Project(id global-plugins, base: C:\Users\user\.sbt\1.0\plugins, plugins: List(<none>))) took 67.3211ms
[debug] [Loading] Done in C:\Users\user\.sbt\1.0\plugins, returning: (global-plugins)
[debug]       Load.loadUnit: loadedProjectsRaw took 91.1107ms
[debug]       Load.loadUnit: cleanEvalClasses took 0.1691ms
[debug]     Load.loadUnit(file:/C:/Users/user/.sbt/1.0/plugins/, ...) took 204.9518ms
[debug]   Load.apply: load took 362.3502ms
[debug]   Load.apply: resolveProjects took 6.8143ms
[debug]   Load.apply: finalTransforms took 55.5342ms
[debug]   Load.apply: config.delegates took 9.1644ms
[debug]   Load.apply: Def.make(settings)... took 813.499ms
[debug]   Load.apply: structureIndex took 98.9942ms
[debug]   Load.apply: mkStreams took 1.447ms
[info] loading global plugins from C:\Users\user\.sbt\1.0\plugins
[debug] Running task... Cancel: Signal, check cycles: false, forcegc: true
[debug] Load.defaultLoad until apply took 2826.3344ms
[debug]           Load.loadUnit: plugins took 39.3209ms
[debug]           Load.loadUnit: defsScala took 0.0039ms
[debug] [Loading] Scanning directory C:\Users\user\Desktop\Akka_Backend\AkkaStream\project
[debug] [Loading] Found non-root projects 
[debug] [Loading] Done in C:\Users\user\Desktop\Akka_Backend\AkkaStream\project, returning: ()
[debug] deducing auto plugins based on known facts Set(Atom(sbt.plugins.CorePlugin)) and clauses Clauses(List(Clause(Atom(sbt.plugins.JvmPlugin),Set(Atom(sbt.plugins.IvyPlugin))), Clause(Atom(sbt.ScriptedPlugin),Set(Atom(sbt.plugins.JvmPlugin))), Clause(Atom(sbt.plugins.SbtPlugin),Set(Atom(sbt.ScriptedPlugin))), Clause(Atom(sbt.plugins.SemanticdbPlugin),Set(Atom(sbt.plugins.JvmPlugin))), Clause(Atom(sbt.plugins.JUnitXmlReportPlugin),Set(Atom(sbt.plugins.JvmPlugin))), Clause(Atom(sbt.plugins.MiniDependencyTreePlugin),Set(Atom(sbt.plugins.JvmPlugin))), Clause(Atom(sbt.plugins.CorePlugin),Set(Atom(sbt.plugins.IvyPlugin))), Clause(Atom(sbt.plugins.IvyPlugin),Set(Atom(sbt.plugins.JvmPlugin))), Clause(Atom(sbt.plugins.JvmPlugin),Set(Atom(sbt.plugins.SemanticdbPlugin))), Clause(Atom(sbt.plugins.JvmPlugin),Set(Atom(sbt.plugins.JUnitXmlReportPlugin))), Clause(Atom(sbt.plugins.CorePlugin),Set(Atom(sbt.plugins.Giter8TemplatePlugin))), Clause(Atom(sbt.plugins.JvmPlugin),Set(Atom(sbt.plugins.MiniDependencyTreePlugin)))))
[debug]   :: deduced result: Matched(sbt.plugins.CorePlugin,sbt.plugins.Giter8TemplatePlugin,sbt.plugins.IvyPlugin,sbt.plugins.JvmPlugin,sbt.plugins.MiniDependencyTreePlugin,sbt.plugins.JUnitXmlReportPlugin,sbt.plugins.SemanticdbPlugin)
[debug] Plugins.deducer#function took 2.3947 ms
[debug]               Load.resolveProject(akkastream-build) took 1.3951ms
[debug]             Load.loadTransitive: finalizeProject(Project(id akkastream-build, base: C:\Users\user\Desktop\Akka_Backend\AkkaStream\project, plugins: List(<none>))) took 4.4349ms
[debug] [Loading] Done in C:\Users\user\Desktop\Akka_Backend\AkkaStream\project, returning: (akkastream-build)
[debug]           Load.loadUnit: loadedProjectsRaw took 6.4729ms
[debug]           Load.loadUnit: cleanEvalClasses took 0.0105ms
[debug]         Load.loadUnit(file:/C:/Users/user/Desktop/Akka_Backend/AkkaStream/project/, ...) took 46.575ms
[debug]       Load.apply: load took 48.1833ms
[debug]       Load.apply: resolveProjects took 0.0997ms
[debug]       Load.apply: finalTransforms took 9.4815ms
[debug]       Load.apply: config.delegates took 0.6039ms
[debug]       Load.apply: Def.make(settings)... took 83.0896ms
[debug]       Load.apply: structureIndex took 33.5929ms
[debug]       Load.apply: mkStreams took 0.0029ms
[info] loading project definition from C:\Users\user\Desktop\Akka_Backend\AkkaStream\project
[debug] Running task... Cancel: Signal, check cycles: false, forcegc: true
[debug]     Load.loadUnit: plugins took 470.3481ms
[debug]     Load.loadUnit: defsScala took 0.0035ms
[debug] [Loading] Scanning directory C:\Users\user\Desktop\Akka_Backend\AkkaStream
[debug]       Load.loadUnit: mkEval took 4.8528ms
[debug] [Loading] Found non-root projects 
[debug] [Loading] Done in C:\Users\user\Desktop\Akka_Backend\AkkaStream, returning: ()
[debug] deducing auto plugins based on known facts Set(Atom(sbt.plugins.CorePlugin)) and clauses Clauses(List(Clause(Atom(sbt.plugins.JvmPlugin),Set(Atom(sbt.plugins.IvyPlugin))), Clause(Atom(sbt.ScriptedPlugin),Set(Atom(sbt.plugins.JvmPlugin))), Clause(Atom(sbt.plugins.SbtPlugin),Set(Atom(sbt.ScriptedPlugin))), Clause(Atom(sbt.plugins.SemanticdbPlugin),Set(Atom(sbt.plugins.JvmPlugin))), Clause(Atom(sbt.plugins.JUnitXmlReportPlugin),Set(Atom(sbt.plugins.JvmPlugin))), Clause(Atom(sbt.plugins.MiniDependencyTreePlugin),Set(Atom(sbt.plugins.JvmPlugin))), Clause(Atom(sbt.plugins.CorePlugin),Set(Atom(sbt.plugins.IvyPlugin))), Clause(Atom(sbt.plugins.IvyPlugin),Set(Atom(sbt.plugins.JvmPlugin))), Clause(Atom(sbt.plugins.JvmPlugin),Set(Atom(sbt.plugins.SemanticdbPlugin))), Clause(Atom(sbt.plugins.JvmPlugin),Set(Atom(sbt.plugins.JUnitXmlReportPlugin))), Clause(Atom(sbt.plugins.CorePlugin),Set(Atom(sbt.plugins.Giter8TemplatePlugin))), Clause(Atom(sbt.plugins.JvmPlugin),Set(Atom(sbt.plugins.MiniDependencyTreePlugin)))))
[debug]   :: deduced result: Matched(sbt.plugins.CorePlugin,sbt.plugins.Giter8TemplatePlugin,sbt.plugins.IvyPlugin,sbt.plugins.JvmPlugin,sbt.plugins.MiniDependencyTreePlugin,sbt.plugins.JUnitXmlReportPlugin,sbt.plugins.SemanticdbPlugin)
[debug] Plugins.deducer#function took 1.7709 ms
[info] loading settings for project akkastream from build.sbt ...
[debug]         Load.resolveProject(akkastream) took 3.1139ms
[debug]       Load.loadTransitive: finalizeProject(Project(id akkastream, base: C:\Users\user\Desktop\Akka_Backend\AkkaStream, plugins: List(<none>))) took 5.502ms
[debug] [Loading] Done in C:\Users\user\Desktop\Akka_Backend\AkkaStream, returning: (akkastream)
[debug]     Load.loadUnit: loadedProjectsRaw took 136.8691ms
[debug]     Load.loadUnit: cleanEvalClasses took 13.777ms
[debug]   Load.loadUnit(file:/C:/Users/user/Desktop/Akka_Backend/AkkaStream/, ...) took 622.073ms
[debug] Load.apply: load took 624.253ms
[debug] Load.apply: resolveProjects took 0.1466ms
[debug] Load.apply: finalTransforms took 9.7205ms
[debug] Load.apply: config.delegates took 0.2952ms
[debug] Load.apply: Def.make(settings)... took 79.7325ms
[debug] Load.apply: structureIndex took 28.2027ms
[debug] Load.apply: mkStreams took 0.0039ms
[info] set current project to AkkaStream (in build file:/C:/Users/user/Desktop/Akka_Backend/AkkaStream/)
[debug] > Exec(sbtPopOnFailure, None, None)
[debug] > Exec(resumeFromFailure, None, None)
[debug] > Exec(notifyUsersAboutShell, None, None)
[debug] > Exec(iflast shell, None, None)
[debug] > Exec(shell, None, None)
[info] sbt server started at local:sbt-server-8c23f6c01d30694d02bd
