[debug] > Exec(;reload; set _root_.org.jetbrains.sbt.StructureKeys.sbtStructureOptions in Global := "download resolveClassifiers" ;*/*:dumpStructureTo C:/Users/user/AppData/Local/Temp/sbt-structure.xml; session clear-all ; set ideaPort in Global := 62418, None, None)
[debug] > Exec(reload, None, None)
[debug] > Exec(sbtStashOnFailure, None, None)
[debug] > Exec(onFailure loadFailed, None, None)
[debug] > Exec(loadp, None, None)
[info] welcome to sbt 1.4.2 (Oracle Corporation Java 14.0.2)
[debug]       Load.loadUnit: plugins took 59.2328ms
[debug]       Load.loadUnit: defsScala took 0.0069ms
[debug] [Loading] Scanning directory C:\Users\user\.sbt\1.0\plugins
[debug] [Loading] Found non-root projects 
[debug] [Loading] Done in C:\Users\user\.sbt\1.0\plugins, returning: ()
[debug] deducing auto plugins based on known facts Set(Atom(sbt.plugins.CorePlugin)) and clauses Clauses(List(Clause(Atom(sbt.plugins.JvmPlugin),Set(Atom(sbt.plugins.IvyPlugin))), Clause(Atom(sbt.ScriptedPlugin),Set(Atom(sbt.plugins.JvmPlugin))), Clause(Atom(sbt.plugins.SbtPlugin),Set(Atom(sbt.ScriptedPlugin))), Clause(Atom(sbt.plugins.SemanticdbPlugin),Set(Atom(sbt.plugins.JvmPlugin))), Clause(Atom(sbt.plugins.JUnitXmlReportPlugin),Set(Atom(sbt.plugins.JvmPlugin))), Clause(Atom(sbt.plugins.MiniDependencyTreePlugin),Set(Atom(sbt.plugins.JvmPlugin))), Clause(Atom(sbt.plugins.CorePlugin),Set(Atom(sbt.plugins.IvyPlugin))), Clause(Atom(sbt.plugins.IvyPlugin),Set(Atom(sbt.plugins.JvmPlugin))), Clause(Atom(sbt.plugins.JvmPlugin),Set(Atom(sbt.plugins.SemanticdbPlugin))), Clause(Atom(sbt.plugins.JvmPlugin),Set(Atom(sbt.plugins.JUnitXmlReportPlugin))), Clause(Atom(sbt.plugins.CorePlugin),Set(Atom(sbt.plugins.Giter8TemplatePlugin))), Clause(Atom(sbt.plugins.JvmPlugin),Set(Atom(sbt.plugins.MiniDependencyTreePlugin)))))
[debug]   :: deduced result: Matched(sbt.plugins.CorePlugin,sbt.plugins.Giter8TemplatePlugin,sbt.plugins.IvyPlugin,sbt.plugins.JvmPlugin,sbt.plugins.MiniDependencyTreePlugin,sbt.plugins.JUnitXmlReportPlugin,sbt.plugins.SemanticdbPlugin)
[debug] Plugins.deducer#function took 1.4852 ms
[debug]           Load.resolveProject(global-plugins) took 2.8705ms
[debug]         Load.loadTransitive: finalizeProject(Project(id global-plugins, base: C:\Users\user\.sbt\1.0\plugins, plugins: List(<none>))) took 4.969ms
[debug] [Loading] Done in C:\Users\user\.sbt\1.0\plugins, returning: (global-plugins)
[debug]       Load.loadUnit: loadedProjectsRaw took 6.4098ms
[debug]       Load.loadUnit: cleanEvalClasses took 0.0139ms
[debug]     Load.loadUnit(file:/C:/Users/user/.sbt/1.0/plugins/, ...) took 66.95ms
[debug]   Load.apply: load took 69.1424ms
[debug]   Load.apply: resolveProjects took 0.1295ms
[debug]   Load.apply: finalTransforms took 10.6634ms
[debug]   Load.apply: config.delegates took 0.3365ms
[debug]   Load.apply: Def.make(settings)... took 83.3114ms
[debug]   Load.apply: structureIndex took 22.3516ms
[debug]   Load.apply: mkStreams took 0.0028ms
[info] loading global plugins from C:\Users\user\.sbt\1.0\plugins
[debug] Running task... Cancel: Signal, check cycles: false, forcegc: true
[debug] Load.defaultLoad until apply took 684.1192ms
[debug]           Load.loadUnit: plugins took 53.137ms
[debug]           Load.loadUnit: defsScala took 0.0042ms
[debug] [Loading] Scanning directory C:\Users\user\Desktop\Akka_Backend\AkkaStream\project
[debug]             Load.loadUnit: mkEval took 0.6322ms
[debug] [Loading] Found non-root projects 
[debug] [Loading] Done in C:\Users\user\Desktop\Akka_Backend\AkkaStream\project, returning: ()
[debug] deducing auto plugins based on known facts Set(Atom(sbt.plugins.CorePlugin)) and clauses Clauses(List(Clause(Atom(sbt.plugins.JvmPlugin),Set(Atom(sbt.plugins.IvyPlugin))), Clause(Atom(sbt.ScriptedPlugin),Set(Atom(sbt.plugins.JvmPlugin))), Clause(Atom(sbt.plugins.SbtPlugin),Set(Atom(sbt.ScriptedPlugin))), Clause(Atom(sbt.plugins.SemanticdbPlugin),Set(Atom(sbt.plugins.JvmPlugin))), Clause(Atom(sbt.plugins.JUnitXmlReportPlugin),Set(Atom(sbt.plugins.JvmPlugin))), Clause(Atom(sbt.plugins.MiniDependencyTreePlugin),Set(Atom(sbt.plugins.JvmPlugin))), Clause(Atom(sbt.plugins.CorePlugin),Set(Atom(sbt.plugins.IvyPlugin))), Clause(Atom(sbt.plugins.IvyPlugin),Set(Atom(sbt.plugins.JvmPlugin))), Clause(Atom(sbt.plugins.JvmPlugin),Set(Atom(sbt.plugins.SemanticdbPlugin))), Clause(Atom(sbt.plugins.JvmPlugin),Set(Atom(sbt.plugins.JUnitXmlReportPlugin))), Clause(Atom(sbt.plugins.CorePlugin),Set(Atom(sbt.plugins.Giter8TemplatePlugin))), Clause(Atom(sbt.plugins.JvmPlugin),Set(Atom(sbt.plugins.MiniDependencyTreePlugin)))))
[debug]   :: deduced result: Matched(sbt.plugins.CorePlugin,sbt.plugins.Giter8TemplatePlugin,sbt.plugins.IvyPlugin,sbt.plugins.JvmPlugin,sbt.plugins.MiniDependencyTreePlugin,sbt.plugins.JUnitXmlReportPlugin,sbt.plugins.SemanticdbPlugin)
[debug] Plugins.deducer#function took 2.2548 ms
[info] loading settings for project akkastream-build from idea.sbt ...
[debug]               Load.resolveProject(akkastream-build) took 7.7773ms
[debug]             Load.loadTransitive: finalizeProject(Project(id akkastream-build, base: C:\Users\user\Desktop\Akka_Backend\AkkaStream\project, plugins: List(<none>))) took 10.7075ms
[debug] [Loading] Done in C:\Users\user\Desktop\Akka_Backend\AkkaStream\project, returning: (akkastream-build)
[debug]           Load.loadUnit: loadedProjectsRaw took 47.092ms
[debug]           Load.loadUnit: cleanEvalClasses took 5.1904ms
[debug]         Load.loadUnit(file:/C:/Users/user/Desktop/Akka_Backend/AkkaStream/project/, ...) took 106.8278ms
[debug]       Load.apply: load took 108.6694ms
[debug]       Load.apply: resolveProjects took 0.1141ms
[debug]       Load.apply: finalTransforms took 10.1609ms
[debug]       Load.apply: config.delegates took 0.5148ms
[debug]       Load.apply: Def.make(settings)... took 74.3295ms
[debug]       Load.apply: structureIndex took 27.0907ms
[debug]       Load.apply: mkStreams took 0.0034ms
[info] loading project definition from C:\Users\user\Desktop\Akka_Backend\AkkaStream\project
[debug] Running task... Cancel: Signal, check cycles: false, forcegc: true
[debug]     Load.loadUnit: plugins took 692.3122ms
[debug]     Load.loadUnit: defsScala took 0.0056ms
[debug] [Loading] Scanning directory C:\Users\user\Desktop\Akka_Backend\AkkaStream
[debug]       Load.loadUnit: mkEval took 0.5646ms
[debug] [Loading] Found non-root projects 
[debug] [Loading] Done in C:\Users\user\Desktop\Akka_Backend\AkkaStream, returning: ()
[debug] deducing auto plugins based on known facts Set(Atom(sbt.plugins.CorePlugin)) and clauses Clauses(List(Clause(Atom(sbt.plugins.JvmPlugin),Set(Atom(sbt.plugins.IvyPlugin))), Clause(Atom(sbt.ScriptedPlugin),Set(Atom(sbt.plugins.JvmPlugin))), Clause(Atom(sbt.plugins.SbtPlugin),Set(Atom(sbt.ScriptedPlugin))), Clause(Atom(sbt.plugins.SemanticdbPlugin),Set(Atom(sbt.plugins.JvmPlugin))), Clause(Atom(sbt.plugins.JUnitXmlReportPlugin),Set(Atom(sbt.plugins.JvmPlugin))), Clause(Atom(sbt.plugins.MiniDependencyTreePlugin),Set(Atom(sbt.plugins.JvmPlugin))), Clause(Atom(org.jetbrains.sbt.StructurePlugin),Set(Atom(sbt.plugins.JvmPlugin))), Clause(Atom(org.jetbrains.sbt.IdeaShellPlugin),Set(Atom(sbt.plugins.JvmPlugin))), Clause(Atom(org.jetbrains.sbt.indices.SbtIntellijIndicesPlugin),Set(Atom(sbt.plugins.JvmPlugin))), Clause(Atom(sbt.plugins.CorePlugin),Set(Atom(sbt.plugins.IvyPlugin))), Clause(Atom(sbt.plugins.IvyPlugin),Set(Atom(sbt.plugins.JvmPlugin))), Clause(Atom(sbt.plugins.JvmPlugin),Set(Atom(sbt.plugins.SemanticdbPlugin))), Clause(Atom(sbt.plugins.JvmPlugin),Set(Atom(sbt.plugins.JUnitXmlReportPlugin))), Clause(Atom(sbt.plugins.CorePlugin),Set(Atom(sbt.plugins.Giter8TemplatePlugin))), Clause(Atom(sbt.plugins.JvmPlugin),Set(Atom(sbt.plugins.MiniDependencyTreePlugin))), Clause(Atom(sbt.plugins.JvmPlugin),Set(Atom(org.jetbrains.sbt.StructurePlugin))), Clause(Atom(sbt.plugins.JvmPlugin),Set(Atom(org.jetbrains.sbt.IdeaShellPlugin))), Clause(And(Set(Atom(sbt.plugins.CorePlugin), Atom(sbt.plugins.JvmPlugin))),Set(Atom(org.jetbrains.sbt.indices.SbtIntellijIndicesPlugin)))))
[debug]   :: deduced result: Matched(sbt.plugins.CorePlugin,sbt.plugins.Giter8TemplatePlugin,sbt.plugins.IvyPlugin,sbt.plugins.JvmPlugin,sbt.plugins.SemanticdbPlugin,org.jetbrains.sbt.indices.SbtIntellijIndicesPlugin,sbt.plugins.JUnitXmlReportPlugin,org.jetbrains.sbt.IdeaShellPlugin,org.jetbrains.sbt.StructurePlugin,sbt.plugins.MiniDependencyTreePlugin)
[debug] Plugins.deducer#function took 3.0112 ms
[info] loading settings for project akkastream from build.sbt ...
[debug]         Load.resolveProject(akkastream) took 60.1102ms
[debug]       Load.loadTransitive: finalizeProject(Project(id akkastream, base: C:\Users\user\Desktop\Akka_Backend\AkkaStream, plugins: List(<none>))) took 64.2561ms
[debug] [Loading] Done in C:\Users\user\Desktop\Akka_Backend\AkkaStream, returning: (akkastream)
[debug]     Load.loadUnit: loadedProjectsRaw took 228.8961ms
[debug]     Load.loadUnit: cleanEvalClasses took 34.0939ms
[debug]   Load.loadUnit(file:/C:/Users/user/Desktop/Akka_Backend/AkkaStream/, ...) took 956.7841ms
[debug] Load.apply: load took 959.5964ms
[debug] Load.apply: resolveProjects took 0.1667ms
[debug] Load.apply: finalTransforms took 26.1894ms
[debug] Load.apply: config.delegates took 1.01ms
[debug] Load.apply: Def.make(settings)... took 73.8998ms
[debug] Load.apply: structureIndex took 27.8358ms
[debug] Load.apply: mkStreams took 0.0035ms
[warn] Discarding 1 session setting.  Use 'session save' to persist session settings.
[info] set current project to AkkaStream (in build file:/C:/Users/user/Desktop/Akka_Backend/AkkaStream/)
[debug] > Exec(sbtPopOnFailure, None, None)
[debug] > Exec(resumeFromFailure, None, None)
[debug] > Exec(set _root_.org.jetbrains.sbt.StructureKeys.sbtStructureOptions in Global := "download resolveClassifiers", None, None)
[info] Defining Global / sbtStructureOptions
[info] The new value will be used by Global / ssOptions
[debug] Defining 
[debug] 	Global / sbtStructureOptions
[debug] 
[debug] The new value will be used by 
[debug] 	Global / ssOptions
[info] Reapplying settings...
[info] set current project to AkkaStream (in build file:/C:/Users/user/Desktop/Akka_Backend/AkkaStream/)
[debug] > Exec(*/*:dumpStructureTo C:/Users/user/AppData/Local/Temp/sbt-structure.xml, None, None)
[debug] Evaluating tasks: Global / dumpStructureTo
[debug] Running task... Cancel: Signal, check cycles: false, forcegc: true
[info] Writing structure to C:\Users\user\AppData\Local\Temp\sbt-structure.xml...
[info] Done.
[success] Total time: 2 s, completed 7 нояб. 2020 г., 18:04:53
[debug] > Exec(session clear-all, None, None)
[info] Reapplying settings...
[info] set current project to AkkaStream (in build file:/C:/Users/user/Desktop/Akka_Backend/AkkaStream/)
[debug] > Exec(set ideaPort in Global := 62418, None, None)
[info] Defining Global / ideaPort
[info] The new value will be used by Compile / compile, Test / compile
[debug] Defining 
[debug] 	Global / ideaPort
[debug] 
[debug] The new value will be used by 
[debug] 	Compile / compile
[debug] 	Test / compile
[info] Reapplying settings...
[info] set current project to AkkaStream (in build file:/C:/Users/user/Desktop/Akka_Backend/AkkaStream/)
[debug] > Exec(idea-shell, None, None)
[debug] > Exec(, None, None)
[debug] > Exec(idea-shell, None, None)
