[debug] > Exec(early(addDefaultCommands), None, None)
[debug] > Exec(addDefaultCommands, None, None)
[debug] > Exec(early(initialize), None, None)
[debug] > Exec(initialize, None, None)
[debug] > Exec(early(addPluginSbtFile="""C:\Users\user\AppData\Local\Temp\idea.sbt"""), None, None)
[debug] > Exec(addPluginSbtFile="""C:\Users\user\AppData\Local\Temp\idea.sbt""", None, None)
[debug] > Exec(boot, None, None)
[debug] > Exec(writeSbtVersion, None, None)
[debug] > Exec(reload, None, None)
[debug] > Exec(sbtStashOnFailure, None, None)
[debug] > Exec(onFailure loadFailed, None, None)
[debug] > Exec(loadp, None, None)
[info] welcome to sbt 1.4.2 (Oracle Corporation Java 14.0.2)
[debug]       Load.loadUnit: plugins took 184.132ms
[debug]       Load.loadUnit: defsScala took 0.3379ms
[debug] [Loading] Scanning directory C:\Users\user\.sbt\1.0\plugins
[debug] [Loading] Found non-root projects 
[debug] [Loading] Done in C:\Users\user\.sbt\1.0\plugins, returning: ()
[debug] deducing auto plugins based on known facts Set(Atom(sbt.plugins.CorePlugin)) and clauses Clauses(List(Clause(Atom(sbt.plugins.JvmPlugin),Set(Atom(sbt.plugins.IvyPlugin))), Clause(Atom(sbt.ScriptedPlugin),Set(Atom(sbt.plugins.JvmPlugin))), Clause(Atom(sbt.plugins.SbtPlugin),Set(Atom(sbt.ScriptedPlugin))), Clause(Atom(sbt.plugins.SemanticdbPlugin),Set(Atom(sbt.plugins.JvmPlugin))), Clause(Atom(sbt.plugins.JUnitXmlReportPlugin),Set(Atom(sbt.plugins.JvmPlugin))), Clause(Atom(sbt.plugins.MiniDependencyTreePlugin),Set(Atom(sbt.plugins.JvmPlugin))), Clause(Atom(sbt.plugins.CorePlugin),Set(Atom(sbt.plugins.IvyPlugin))), Clause(Atom(sbt.plugins.IvyPlugin),Set(Atom(sbt.plugins.JvmPlugin))), Clause(Atom(sbt.plugins.JvmPlugin),Set(Atom(sbt.plugins.SemanticdbPlugin))), Clause(Atom(sbt.plugins.JvmPlugin),Set(Atom(sbt.plugins.JUnitXmlReportPlugin))), Clause(Atom(sbt.plugins.CorePlugin),Set(Atom(sbt.plugins.Giter8TemplatePlugin))), Clause(Atom(sbt.plugins.JvmPlugin),Set(Atom(sbt.plugins.MiniDependencyTreePlugin)))))
[debug]   :: deduced result: Matched(sbt.plugins.CorePlugin,sbt.plugins.Giter8TemplatePlugin,sbt.plugins.IvyPlugin,sbt.plugins.JvmPlugin,sbt.plugins.MiniDependencyTreePlugin,sbt.plugins.JUnitXmlReportPlugin,sbt.plugins.SemanticdbPlugin)
[debug] Plugins.deducer#function took 27.9407 ms
[debug]           Load.resolveProject(global-plugins) took 67.9075ms
[debug]         Load.loadTransitive: finalizeProject(Project(id global-plugins, base: C:\Users\user\.sbt\1.0\plugins, plugins: List(<none>))) took 145.1304ms
[debug] [Loading] Done in C:\Users\user\.sbt\1.0\plugins, returning: (global-plugins)
[debug]       Load.loadUnit: loadedProjectsRaw took 188.9911ms
[debug]       Load.loadUnit: cleanEvalClasses took 0.293ms
[debug]     Load.loadUnit(file:/C:/Users/user/.sbt/1.0/plugins/, ...) took 385.0221ms
[debug]   Load.apply: load took 1912.459ms
[debug]   Load.apply: resolveProjects took 8.5116ms
[debug]   Load.apply: finalTransforms took 80.6496ms
[debug]   Load.apply: config.delegates took 9.4103ms
[debug]   Load.apply: Def.make(settings)... took 1343.7495ms
[debug]   Load.apply: structureIndex took 115.5841ms
[debug]   Load.apply: mkStreams took 2.2685ms
[info] loading global plugins from C:\Users\user\.sbt\1.0\plugins
[debug] Running task... Cancel: Signal, check cycles: false, forcegc: true
[debug] Load.defaultLoad until apply took 6173.8608ms
[debug]           Load.loadUnit: plugins took 46.9444ms
[debug]           Load.loadUnit: defsScala took 0.0061ms
[debug] [Loading] Scanning directory C:\Users\user\Desktop\Akka_Backend\AkkaStream\project
[debug]             Load.loadUnit: mkEval took 6.4282ms
[debug] [Loading] Found non-root projects 
[debug] [Loading] Done in C:\Users\user\Desktop\Akka_Backend\AkkaStream\project, returning: ()
[debug] deducing auto plugins based on known facts Set(Atom(sbt.plugins.CorePlugin)) and clauses Clauses(List(Clause(Atom(sbt.plugins.JvmPlugin),Set(Atom(sbt.plugins.IvyPlugin))), Clause(Atom(sbt.ScriptedPlugin),Set(Atom(sbt.plugins.JvmPlugin))), Clause(Atom(sbt.plugins.SbtPlugin),Set(Atom(sbt.ScriptedPlugin))), Clause(Atom(sbt.plugins.SemanticdbPlugin),Set(Atom(sbt.plugins.JvmPlugin))), Clause(Atom(sbt.plugins.JUnitXmlReportPlugin),Set(Atom(sbt.plugins.JvmPlugin))), Clause(Atom(sbt.plugins.MiniDependencyTreePlugin),Set(Atom(sbt.plugins.JvmPlugin))), Clause(Atom(sbt.plugins.CorePlugin),Set(Atom(sbt.plugins.IvyPlugin))), Clause(Atom(sbt.plugins.IvyPlugin),Set(Atom(sbt.plugins.JvmPlugin))), Clause(Atom(sbt.plugins.JvmPlugin),Set(Atom(sbt.plugins.SemanticdbPlugin))), Clause(Atom(sbt.plugins.JvmPlugin),Set(Atom(sbt.plugins.JUnitXmlReportPlugin))), Clause(Atom(sbt.plugins.CorePlugin),Set(Atom(sbt.plugins.Giter8TemplatePlugin))), Clause(Atom(sbt.plugins.JvmPlugin),Set(Atom(sbt.plugins.MiniDependencyTreePlugin)))))
[debug]   :: deduced result: Matched(sbt.plugins.CorePlugin,sbt.plugins.Giter8TemplatePlugin,sbt.plugins.IvyPlugin,sbt.plugins.JvmPlugin,sbt.plugins.MiniDependencyTreePlugin,sbt.plugins.JUnitXmlReportPlugin,sbt.plugins.SemanticdbPlugin)
[debug] Plugins.deducer#function took 3.1822 ms
[info] loading settings for project akkastream-build from idea.sbt ...
[debug]               Load.resolveProject(akkastream-build) took 5.8359ms
[debug]             Load.loadTransitive: finalizeProject(Project(id akkastream-build, base: C:\Users\user\Desktop\Akka_Backend\AkkaStream\project, plugins: List(<none>))) took 9.8222ms
[debug] [Loading] Done in C:\Users\user\Desktop\Akka_Backend\AkkaStream\project, returning: (akkastream-build)
[debug]           Load.loadUnit: loadedProjectsRaw took 194.6584ms
[debug]           Load.loadUnit: cleanEvalClasses took 11.2126ms
[debug]         Load.loadUnit(file:/C:/Users/user/Desktop/Akka_Backend/AkkaStream/project/, ...) took 254.228ms
[debug]       Load.apply: load took 257.4107ms
[debug]       Load.apply: resolveProjects took 0.1356ms
[debug]       Load.apply: finalTransforms took 17.5906ms
[debug]       Load.apply: config.delegates took 0.4969ms
[debug]       Load.apply: Def.make(settings)... took 127.2079ms
[debug]       Load.apply: structureIndex took 47.6935ms
[debug]       Load.apply: mkStreams took 0.003ms
[info] loading project definition from C:\Users\user\Desktop\Akka_Backend\AkkaStream\project
[debug] Running task... Cancel: Signal, check cycles: false, forcegc: true
[debug]     Load.loadUnit: plugins took 991.2809ms
[debug]     Load.loadUnit: defsScala took 0.0036ms
[debug] [Loading] Scanning directory C:\Users\user\Desktop\Akka_Backend\AkkaStream
[debug]       Load.loadUnit: mkEval took 0.4822ms
[debug] [Loading] Found non-root projects 
[debug] [Loading] Done in C:\Users\user\Desktop\Akka_Backend\AkkaStream, returning: ()
[debug] deducing auto plugins based on known facts Set(Atom(sbt.plugins.CorePlugin)) and clauses Clauses(List(Clause(Atom(sbt.plugins.JvmPlugin),Set(Atom(sbt.plugins.IvyPlugin))), Clause(Atom(sbt.ScriptedPlugin),Set(Atom(sbt.plugins.JvmPlugin))), Clause(Atom(sbt.plugins.SbtPlugin),Set(Atom(sbt.ScriptedPlugin))), Clause(Atom(sbt.plugins.SemanticdbPlugin),Set(Atom(sbt.plugins.JvmPlugin))), Clause(Atom(sbt.plugins.JUnitXmlReportPlugin),Set(Atom(sbt.plugins.JvmPlugin))), Clause(Atom(sbt.plugins.MiniDependencyTreePlugin),Set(Atom(sbt.plugins.JvmPlugin))), Clause(Atom(org.jetbrains.sbt.StructurePlugin),Set(Atom(sbt.plugins.JvmPlugin))), Clause(Atom(org.jetbrains.sbt.IdeaShellPlugin),Set(Atom(sbt.plugins.JvmPlugin))), Clause(Atom(org.jetbrains.sbt.indices.SbtIntellijIndicesPlugin),Set(Atom(sbt.plugins.JvmPlugin))), Clause(Atom(sbt.plugins.CorePlugin),Set(Atom(sbt.plugins.IvyPlugin))), Clause(Atom(sbt.plugins.IvyPlugin),Set(Atom(sbt.plugins.JvmPlugin))), Clause(Atom(sbt.plugins.JvmPlugin),Set(Atom(sbt.plugins.SemanticdbPlugin))), Clause(Atom(sbt.plugins.JvmPlugin),Set(Atom(sbt.plugins.JUnitXmlReportPlugin))), Clause(Atom(sbt.plugins.CorePlugin),Set(Atom(sbt.plugins.Giter8TemplatePlugin))), Clause(Atom(sbt.plugins.JvmPlugin),Set(Atom(sbt.plugins.MiniDependencyTreePlugin))), Clause(Atom(sbt.plugins.JvmPlugin),Set(Atom(org.jetbrains.sbt.StructurePlugin))), Clause(Atom(sbt.plugins.JvmPlugin),Set(Atom(org.jetbrains.sbt.IdeaShellPlugin))), Clause(And(Set(Atom(sbt.plugins.CorePlugin), Atom(sbt.plugins.JvmPlugin))),Set(Atom(org.jetbrains.sbt.indices.SbtIntellijIndicesPlugin)))))
[debug]   :: deduced result: Matched(sbt.plugins.CorePlugin,sbt.plugins.Giter8TemplatePlugin,sbt.plugins.IvyPlugin,sbt.plugins.JvmPlugin,sbt.plugins.SemanticdbPlugin,org.jetbrains.sbt.indices.SbtIntellijIndicesPlugin,sbt.plugins.JUnitXmlReportPlugin,org.jetbrains.sbt.IdeaShellPlugin,org.jetbrains.sbt.StructurePlugin,sbt.plugins.MiniDependencyTreePlugin)
[debug] Plugins.deducer#function took 5.9322 ms
[info] loading settings for project akkastream from build.sbt ...
[debug]         Load.resolveProject(akkastream) took 77.2719ms
[debug]       Load.loadTransitive: finalizeProject(Project(id akkastream, base: C:\Users\user\Desktop\Akka_Backend\AkkaStream, plugins: List(<none>))) took 86.1587ms
[debug] [Loading] Done in C:\Users\user\Desktop\Akka_Backend\AkkaStream, returning: (akkastream)
[debug]     Load.loadUnit: loadedProjectsRaw took 348.6803ms
[debug]     Load.loadUnit: cleanEvalClasses took 30.3392ms
[debug]   Load.loadUnit(file:/C:/Users/user/Desktop/Akka_Backend/AkkaStream/, ...) took 1371.5472ms
[debug] Load.apply: load took 1374.4916ms
[debug] Load.apply: resolveProjects took 1.1294ms
[debug] Load.apply: finalTransforms took 52.3421ms
[debug] Load.apply: config.delegates took 0.4922ms
[debug] Load.apply: Def.make(settings)... took 117.813ms
[debug] Load.apply: structureIndex took 37.9388ms
[debug] Load.apply: mkStreams took 0.0026ms
[info] set current project to AkkaStream (in build file:/C:/Users/user/Desktop/Akka_Backend/AkkaStream/)
[debug] > Exec(sbtPopOnFailure, None, None)
[debug] > Exec(resumeFromFailure, None, None)
[debug] > Exec(notifyUsersAboutShell, None, None)
[debug] > Exec(iflast shell, None, None)
[debug] > Exec(; set ideaPort in Global := 62418 ; idea-shell, None, None)
[debug] > Exec(set ideaPort in Global := 62418, None, None)
[info] Defining Global / ideaPort
[info] The new value will be used by Compile / compile, Test / compile
[debug] Defining 
[debug] 	Global / ideaPort
[debug] 
[debug] The new value will be used by 
[debug] 	Compile / compile
[debug] 	Test / compile
[info] Reapplying settings...
[info] set current project to AkkaStream (in build file:/C:/Users/user/Desktop/Akka_Backend/AkkaStream/)
[debug] > Exec(idea-shell, None, None)
